DEB [20141028-14:27:13.969] thr=1   paramiko.transport: starting thread (client mode): 0x74f4110L
INF [20141028-14:27:13.976] thr=1   paramiko.transport: Connected (version 2.0, client OpenSSH_6.2p2)
DEB [20141028-14:27:13.977] thr=1   paramiko.transport: kex algos:['ecdh-sha2-nistp256', 'ecdh-sha2-nistp384', 'ecdh-sha2-nistp521', 'diffie-hellman-group-exchange-sha256', 'diffie-hellman-group-exchange-sha1', 'diffie-hellman-group14-sha1', 'diffie-hellman-group1-sha1'] server key:['ssh-rsa', 'ssh-dss', 'ecdsa-sha2-nistp256'] client encrypt:['aes128-ctr', 'aes192-ctr', 'aes256-ctr', 'arcfour256', 'arcfour128', 'aes128-gcm@openssh.com', 'aes256-gcm@openssh.com', 'aes128-cbc', '3des-cbc', 'blowfish-cbc', 'cast128-cbc', 'aes192-cbc', 'aes256-cbc', 'arcfour', 'rijndael-cbc@lysator.liu.se'] server encrypt:['aes128-ctr', 'aes192-ctr', 'aes256-ctr', 'arcfour256', 'arcfour128', 'aes128-gcm@openssh.com', 'aes256-gcm@openssh.com', 'aes128-cbc', '3des-cbc', 'blowfish-cbc', 'cast128-cbc', 'aes192-cbc', 'aes256-cbc', 'arcfour', 'rijndael-cbc@lysator.liu.se'] client mac:['hmac-md5-etm@openssh.com', 'hmac-sha1-etm@openssh.com', 'umac-64-etm@openssh.com', 'umac-128-etm@openssh.com', 'hmac-sha2-256-etm@openssh.com', 'hmac-sha2-512-etm@openssh.com', 'hmac-ripemd160-etm@openssh.com', 'hmac-sha1-96-etm@openssh.com', 'hmac-md5-96-etm@openssh.com', 'hmac-md5', 'hmac-sha1', 'umac-64@openssh.com', 'umac-128@openssh.com', 'hmac-sha2-256', 'hmac-sha2-512', 'hmac-ripemd160', 'hmac-ripemd160@openssh.com', 'hmac-sha1-96', 'hmac-md5-96'] server mac:['hmac-md5-etm@openssh.com', 'hmac-sha1-etm@openssh.com', 'umac-64-etm@openssh.com', 'umac-128-etm@openssh.com', 'hmac-sha2-256-etm@openssh.com', 'hmac-sha2-512-etm@openssh.com', 'hmac-ripemd160-etm@openssh.com', 'hmac-sha1-96-etm@openssh.com', 'hmac-md5-96-etm@openssh.com', 'hmac-md5', 'hmac-sha1', 'umac-64@openssh.com', 'umac-128@openssh.com', 'hmac-sha2-256', 'hmac-sha2-512', 'hmac-ripemd160', 'hmac-ripemd160@openssh.com', 'hmac-sha1-96', 'hmac-md5-96'] client compress:['none', 'zlib@openssh.com'] server compress:['none', 'zlib@openssh.com'] client lang:[''] server lang:[''] kex follows?False
DEB [20141028-14:27:13.977] thr=1   paramiko.transport: Ciphers agreed: local=aes128-ctr, remote=aes128-ctr
DEB [20141028-14:27:13.977] thr=1   paramiko.transport: using kex diffie-hellman-group1-sha1; server key type ssh-rsa; cipher: local aes128-ctr, remote aes128-ctr; mac: local hmac-sha1, remote hmac-sha1; compression: local none, remote none
DEB [20141028-14:27:13.992] thr=1   paramiko.transport: Switch to new keys ...
DEB [20141028-14:27:14.012] thr=2   paramiko.transport: Adding ssh-rsa host key for 10.0.2.102: eb65500bf58b65501ca25563bdc7ab23
DEB [20141028-14:27:14.028] thr=2   paramiko.transport: Trying discovered key 7efbafeda9163d0b6a3a8c2a347f2afc in /Users/vitalyantonenko/.ssh/id_rsa
DEB [20141028-14:27:14.032] thr=1   paramiko.transport: userauth is OK
INF [20141028-14:27:14.811] thr=1   paramiko.transport: Authentication (publickey) failed.
DEB [20141028-14:27:14.832] thr=1   paramiko.transport: userauth is OK
INF [20141028-14:27:14.839] thr=1   paramiko.transport: Authentication (password) successful!
DEB [20141028-14:27:14.839] thr=2   paramiko.transport: [chan 1] Max packet in: 34816 bytes
DEB [20141028-14:27:14.880] thr=1   paramiko.transport: [chan 1] Max packet out: 32768 bytes
INF [20141028-14:27:14.880] thr=1   paramiko.transport: Secsh channel 1 opened.
DEB [20141028-14:27:14.914] thr=1   paramiko.transport: [chan 1] Sesch channel 1 request ok
DEB [20141028-14:27:14.915] thr=1   paramiko.transport: [chan 1] Sesch channel 1 request ok
DEB [20141028-14:27:33.026] thr=3   paramiko.transport: starting thread (client mode): 0x74f45d0L
INF [20141028-14:27:33.032] thr=3   paramiko.transport: Connected (version 2.0, client OpenSSH_6.2p2)
DEB [20141028-14:27:33.033] thr=3   paramiko.transport: kex algos:['ecdh-sha2-nistp256', 'ecdh-sha2-nistp384', 'ecdh-sha2-nistp521', 'diffie-hellman-group-exchange-sha256', 'diffie-hellman-group-exchange-sha1', 'diffie-hellman-group14-sha1', 'diffie-hellman-group1-sha1'] server key:['ssh-rsa', 'ssh-dss', 'ecdsa-sha2-nistp256'] client encrypt:['aes128-ctr', 'aes192-ctr', 'aes256-ctr', 'arcfour256', 'arcfour128', 'aes128-gcm@openssh.com', 'aes256-gcm@openssh.com', 'aes128-cbc', '3des-cbc', 'blowfish-cbc', 'cast128-cbc', 'aes192-cbc', 'aes256-cbc', 'arcfour', 'rijndael-cbc@lysator.liu.se'] server encrypt:['aes128-ctr', 'aes192-ctr', 'aes256-ctr', 'arcfour256', 'arcfour128', 'aes128-gcm@openssh.com', 'aes256-gcm@openssh.com', 'aes128-cbc', '3des-cbc', 'blowfish-cbc', 'cast128-cbc', 'aes192-cbc', 'aes256-cbc', 'arcfour', 'rijndael-cbc@lysator.liu.se'] client mac:['hmac-md5-etm@openssh.com', 'hmac-sha1-etm@openssh.com', 'umac-64-etm@openssh.com', 'umac-128-etm@openssh.com', 'hmac-sha2-256-etm@openssh.com', 'hmac-sha2-512-etm@openssh.com', 'hmac-ripemd160-etm@openssh.com', 'hmac-sha1-96-etm@openssh.com', 'hmac-md5-96-etm@openssh.com', 'hmac-md5', 'hmac-sha1', 'umac-64@openssh.com', 'umac-128@openssh.com', 'hmac-sha2-256', 'hmac-sha2-512', 'hmac-ripemd160', 'hmac-ripemd160@openssh.com', 'hmac-sha1-96', 'hmac-md5-96'] server mac:['hmac-md5-etm@openssh.com', 'hmac-sha1-etm@openssh.com', 'umac-64-etm@openssh.com', 'umac-128-etm@openssh.com', 'hmac-sha2-256-etm@openssh.com', 'hmac-sha2-512-etm@openssh.com', 'hmac-ripemd160-etm@openssh.com', 'hmac-sha1-96-etm@openssh.com', 'hmac-md5-96-etm@openssh.com', 'hmac-md5', 'hmac-sha1', 'umac-64@openssh.com', 'umac-128@openssh.com', 'hmac-sha2-256', 'hmac-sha2-512', 'hmac-ripemd160', 'hmac-ripemd160@openssh.com', 'hmac-sha1-96', 'hmac-md5-96'] client compress:['none', 'zlib@openssh.com'] server compress:['none', 'zlib@openssh.com'] client lang:[''] server lang:[''] kex follows?False
DEB [20141028-14:27:33.033] thr=3   paramiko.transport: Ciphers agreed: local=aes128-ctr, remote=aes128-ctr
DEB [20141028-14:27:33.033] thr=3   paramiko.transport: using kex diffie-hellman-group1-sha1; server key type ssh-rsa; cipher: local aes128-ctr, remote aes128-ctr; mac: local hmac-sha1, remote hmac-sha1; compression: local none, remote none
DEB [20141028-14:27:33.046] thr=3   paramiko.transport: Switch to new keys ...
DEB [20141028-14:27:33.067] thr=4   paramiko.transport: Adding ssh-rsa host key for 10.0.2.101: eb65500bf58b65501ca25563bdc7ab23
DEB [20141028-14:27:33.070] thr=4   paramiko.transport: Trying discovered key 7efbafeda9163d0b6a3a8c2a347f2afc in /Users/vitalyantonenko/.ssh/id_rsa
DEB [20141028-14:27:33.085] thr=3   paramiko.transport: userauth is OK
INF [20141028-14:27:33.528] thr=3   paramiko.transport: Authentication (publickey) failed.
DEB [20141028-14:27:33.538] thr=3   paramiko.transport: userauth is OK
INF [20141028-14:27:33.545] thr=3   paramiko.transport: Authentication (password) successful!
DEB [20141028-14:27:33.546] thr=4   paramiko.transport: [chan 1] Max packet in: 34816 bytes
DEB [20141028-14:27:33.590] thr=3   paramiko.transport: [chan 1] Max packet out: 32768 bytes
INF [20141028-14:27:33.590] thr=3   paramiko.transport: Secsh channel 1 opened.
DEB [20141028-14:27:33.622] thr=3   paramiko.transport: [chan 1] Sesch channel 1 request ok
DEB [20141028-14:27:33.623] thr=3   paramiko.transport: [chan 1] Sesch channel 1 request ok
DEB [20141028-14:27:33.649] thr=5   paramiko.transport: starting thread (client mode): 0x74f7610L
INF [20141028-14:27:33.661] thr=5   paramiko.transport: Connected (version 2.0, client OpenSSH_6.2p2)
DEB [20141028-14:27:33.662] thr=5   paramiko.transport: kex algos:['ecdh-sha2-nistp256', 'ecdh-sha2-nistp384', 'ecdh-sha2-nistp521', 'diffie-hellman-group-exchange-sha256', 'diffie-hellman-group-exchange-sha1', 'diffie-hellman-group14-sha1', 'diffie-hellman-group1-sha1'] server key:['ssh-rsa', 'ssh-dss', 'ecdsa-sha2-nistp256'] client encrypt:['aes128-ctr', 'aes192-ctr', 'aes256-ctr', 'arcfour256', 'arcfour128', 'aes128-gcm@openssh.com', 'aes256-gcm@openssh.com', 'aes128-cbc', '3des-cbc', 'blowfish-cbc', 'cast128-cbc', 'aes192-cbc', 'aes256-cbc', 'arcfour', 'rijndael-cbc@lysator.liu.se'] server encrypt:['aes128-ctr', 'aes192-ctr', 'aes256-ctr', 'arcfour256', 'arcfour128', 'aes128-gcm@openssh.com', 'aes256-gcm@openssh.com', 'aes128-cbc', '3des-cbc', 'blowfish-cbc', 'cast128-cbc', 'aes192-cbc', 'aes256-cbc', 'arcfour', 'rijndael-cbc@lysator.liu.se'] client mac:['hmac-md5-etm@openssh.com', 'hmac-sha1-etm@openssh.com', 'umac-64-etm@openssh.com', 'umac-128-etm@openssh.com', 'hmac-sha2-256-etm@openssh.com', 'hmac-sha2-512-etm@openssh.com', 'hmac-ripemd160-etm@openssh.com', 'hmac-sha1-96-etm@openssh.com', 'hmac-md5-96-etm@openssh.com', 'hmac-md5', 'hmac-sha1', 'umac-64@openssh.com', 'umac-128@openssh.com', 'hmac-sha2-256', 'hmac-sha2-512', 'hmac-ripemd160', 'hmac-ripemd160@openssh.com', 'hmac-sha1-96', 'hmac-md5-96'] server mac:['hmac-md5-etm@openssh.com', 'hmac-sha1-etm@openssh.com', 'umac-64-etm@openssh.com', 'umac-128-etm@openssh.com', 'hmac-sha2-256-etm@openssh.com', 'hmac-sha2-512-etm@openssh.com', 'hmac-ripemd160-etm@openssh.com', 'hmac-sha1-96-etm@openssh.com', 'hmac-md5-96-etm@openssh.com', 'hmac-md5', 'hmac-sha1', 'umac-64@openssh.com', 'umac-128@openssh.com', 'hmac-sha2-256', 'hmac-sha2-512', 'hmac-ripemd160', 'hmac-ripemd160@openssh.com', 'hmac-sha1-96', 'hmac-md5-96'] client compress:['none', 'zlib@openssh.com'] server compress:['none', 'zlib@openssh.com'] client lang:[''] server lang:[''] kex follows?False
DEB [20141028-14:27:33.662] thr=5   paramiko.transport: Ciphers agreed: local=aes128-ctr, remote=aes128-ctr
DEB [20141028-14:27:33.662] thr=5   paramiko.transport: using kex diffie-hellman-group1-sha1; server key type ssh-rsa; cipher: local aes128-ctr, remote aes128-ctr; mac: local hmac-sha1, remote hmac-sha1; compression: local none, remote none
DEB [20141028-14:27:33.709] thr=5   paramiko.transport: Switch to new keys ...
DEB [20141028-14:27:33.730] thr=6   paramiko.transport: Attempting password auth...
DEB [20141028-14:27:33.748] thr=5   paramiko.transport: userauth is OK
INF [20141028-14:27:33.769] thr=5   paramiko.transport: Authentication (password) successful!
DEB [20141028-14:27:33.797] thr=7   paramiko.transport: starting thread (client mode): 0x74f4710L
DEB [20141028-14:27:33.802] thr=6   paramiko.transport: [chan 1] Max packet in: 34816 bytes
INF [20141028-14:27:33.808] thr=7   paramiko.transport: Connected (version 2.0, client OpenSSH_6.2p2)
DEB [20141028-14:27:33.811] thr=7   paramiko.transport: kex algos:['ecdh-sha2-nistp256', 'ecdh-sha2-nistp384', 'ecdh-sha2-nistp521', 'diffie-hellman-group-exchange-sha256', 'diffie-hellman-group-exchange-sha1', 'diffie-hellman-group14-sha1', 'diffie-hellman-group1-sha1'] server key:['ssh-rsa', 'ssh-dss', 'ecdsa-sha2-nistp256'] client encrypt:['aes128-ctr', 'aes192-ctr', 'aes256-ctr', 'arcfour256', 'arcfour128', 'aes128-gcm@openssh.com', 'aes256-gcm@openssh.com', 'aes128-cbc', '3des-cbc', 'blowfish-cbc', 'cast128-cbc', 'aes192-cbc', 'aes256-cbc', 'arcfour', 'rijndael-cbc@lysator.liu.se'] server encrypt:['aes128-ctr', 'aes192-ctr', 'aes256-ctr', 'arcfour256', 'arcfour128', 'aes128-gcm@openssh.com', 'aes256-gcm@openssh.com', 'aes128-cbc', '3des-cbc', 'blowfish-cbc', 'cast128-cbc', 'aes192-cbc', 'aes256-cbc', 'arcfour', 'rijndael-cbc@lysator.liu.se'] client mac:['hmac-md5-etm@openssh.com', 'hmac-sha1-etm@openssh.com', 'umac-64-etm@openssh.com', 'umac-128-etm@openssh.com', 'hmac-sha2-256-etm@openssh.com', 'hmac-sha2-512-etm@openssh.com', 'hmac-ripemd160-etm@openssh.com', 'hmac-sha1-96-etm@openssh.com', 'hmac-md5-96-etm@openssh.com', 'hmac-md5', 'hmac-sha1', 'umac-64@openssh.com', 'umac-128@openssh.com', 'hmac-sha2-256', 'hmac-sha2-512', 'hmac-ripemd160', 'hmac-ripemd160@openssh.com', 'hmac-sha1-96', 'hmac-md5-96'] server mac:['hmac-md5-etm@openssh.com', 'hmac-sha1-etm@openssh.com', 'umac-64-etm@openssh.com', 'umac-128-etm@openssh.com', 'hmac-sha2-256-etm@openssh.com', 'hmac-sha2-512-etm@openssh.com', 'hmac-ripemd160-etm@openssh.com', 'hmac-sha1-96-etm@openssh.com', 'hmac-md5-96-etm@openssh.com', 'hmac-md5', 'hmac-sha1', 'umac-64@openssh.com', 'umac-128@openssh.com', 'hmac-sha2-256', 'hmac-sha2-512', 'hmac-ripemd160', 'hmac-ripemd160@openssh.com', 'hmac-sha1-96', 'hmac-md5-96'] client compress:['none', 'zlib@openssh.com'] server compress:['none', 'zlib@openssh.com'] client lang:[''] server lang:[''] kex follows?False
DEB [20141028-14:27:33.811] thr=7   paramiko.transport: Ciphers agreed: local=aes128-ctr, remote=aes128-ctr
DEB [20141028-14:27:33.811] thr=7   paramiko.transport: using kex diffie-hellman-group1-sha1; server key type ssh-rsa; cipher: local aes128-ctr, remote aes128-ctr; mac: local hmac-sha1, remote hmac-sha1; compression: local none, remote none
DEB [20141028-14:27:33.825] thr=7   paramiko.transport: Switch to new keys ...
DEB [20141028-14:27:33.833] thr=5   paramiko.transport: [chan 1] Max packet out: 32768 bytes
INF [20141028-14:27:33.833] thr=5   paramiko.transport: Secsh channel 1 opened.
DEB [20141028-14:27:33.842] thr=8   paramiko.transport: Attempting password auth...
DEB [20141028-14:27:33.848] thr=5   paramiko.transport: [chan 1] Sesch channel 1 request ok
INF [20141028-14:27:33.856] thr=6   paramiko.transport.sftp: [chan 1] Opened sftp connection (server version 3)
DEB [20141028-14:27:33.857] thr=6   paramiko.transport.sftp: [chan 1] open('/home/clusternode/MininetScripts/turn_on_script_for_10.0.2.102.py', 'wb')
DEB [20141028-14:27:33.858] thr=6   paramiko.transport.sftp: [chan 1] open('/home/clusternode/MininetScripts/turn_on_script_for_10.0.2.102.py', 'wb') -> 00000000
DEB [20141028-14:27:33.859] thr=6   paramiko.transport.sftp: [chan 1] close(00000000)
DEB [20141028-14:27:33.860] thr=6   paramiko.transport.sftp: [chan 1] stat('/home/clusternode/MininetScripts/turn_on_script_for_10.0.2.102.py')
INF [20141028-14:27:33.861] thr=6   paramiko.transport.sftp: [chan 1] sftp session closed.
DEB [20141028-14:27:33.861] thr=6   paramiko.transport: [chan 1] EOF sent (1)
DEB [20141028-14:27:33.862] thr=5   paramiko.transport: EOF in transport thread
DEB [20141028-14:27:33.865] thr=9   paramiko.transport: starting thread (client mode): 0x74f4c50L
DEB [20141028-14:27:33.865] thr=7   paramiko.transport: userauth is OK
INF [20141028-14:27:33.876] thr=9   paramiko.transport: Connected (version 2.0, client OpenSSH_6.2p2)
DEB [20141028-14:27:33.877] thr=9   paramiko.transport: kex algos:['ecdh-sha2-nistp256', 'ecdh-sha2-nistp384', 'ecdh-sha2-nistp521', 'diffie-hellman-group-exchange-sha256', 'diffie-hellman-group-exchange-sha1', 'diffie-hellman-group14-sha1', 'diffie-hellman-group1-sha1'] server key:['ssh-rsa', 'ssh-dss', 'ecdsa-sha2-nistp256'] client encrypt:['aes128-ctr', 'aes192-ctr', 'aes256-ctr', 'arcfour256', 'arcfour128', 'aes128-gcm@openssh.com', 'aes256-gcm@openssh.com', 'aes128-cbc', '3des-cbc', 'blowfish-cbc', 'cast128-cbc', 'aes192-cbc', 'aes256-cbc', 'arcfour', 'rijndael-cbc@lysator.liu.se'] server encrypt:['aes128-ctr', 'aes192-ctr', 'aes256-ctr', 'arcfour256', 'arcfour128', 'aes128-gcm@openssh.com', 'aes256-gcm@openssh.com', 'aes128-cbc', '3des-cbc', 'blowfish-cbc', 'cast128-cbc', 'aes192-cbc', 'aes256-cbc', 'arcfour', 'rijndael-cbc@lysator.liu.se'] client mac:['hmac-md5-etm@openssh.com', 'hmac-sha1-etm@openssh.com', 'umac-64-etm@openssh.com', 'umac-128-etm@openssh.com', 'hmac-sha2-256-etm@openssh.com', 'hmac-sha2-512-etm@openssh.com', 'hmac-ripemd160-etm@openssh.com', 'hmac-sha1-96-etm@openssh.com', 'hmac-md5-96-etm@openssh.com', 'hmac-md5', 'hmac-sha1', 'umac-64@openssh.com', 'umac-128@openssh.com', 'hmac-sha2-256', 'hmac-sha2-512', 'hmac-ripemd160', 'hmac-ripemd160@openssh.com', 'hmac-sha1-96', 'hmac-md5-96'] server mac:['hmac-md5-etm@openssh.com', 'hmac-sha1-etm@openssh.com', 'umac-64-etm@openssh.com', 'umac-128-etm@openssh.com', 'hmac-sha2-256-etm@openssh.com', 'hmac-sha2-512-etm@openssh.com', 'hmac-ripemd160-etm@openssh.com', 'hmac-sha1-96-etm@openssh.com', 'hmac-md5-96-etm@openssh.com', 'hmac-md5', 'hmac-sha1', 'umac-64@openssh.com', 'umac-128@openssh.com', 'hmac-sha2-256', 'hmac-sha2-512', 'hmac-ripemd160', 'hmac-ripemd160@openssh.com', 'hmac-sha1-96', 'hmac-md5-96'] client compress:['none', 'zlib@openssh.com'] server compress:['none', 'zlib@openssh.com'] client lang:[''] server lang:[''] kex follows?False
DEB [20141028-14:27:33.877] thr=9   paramiko.transport: Ciphers agreed: local=aes128-ctr, remote=aes128-ctr
DEB [20141028-14:27:33.877] thr=9   paramiko.transport: using kex diffie-hellman-group1-sha1; server key type ssh-rsa; cipher: local aes128-ctr, remote aes128-ctr; mac: local hmac-sha1, remote hmac-sha1; compression: local none, remote none
INF [20141028-14:27:33.878] thr=7   paramiko.transport: Authentication (password) successful!
DEB [20141028-14:27:33.920] thr=8   paramiko.transport: [chan 1] Max packet in: 34816 bytes
DEB [20141028-14:27:33.927] thr=7   paramiko.transport: [chan 1] Max packet out: 32768 bytes
INF [20141028-14:27:33.927] thr=7   paramiko.transport: Secsh channel 1 opened.
DEB [20141028-14:27:33.927] thr=9   paramiko.transport: Switch to new keys ...
DEB [20141028-14:27:33.930] thr=7   paramiko.transport: [chan 1] Sesch channel 1 request ok
INF [20141028-14:27:33.937] thr=8   paramiko.transport.sftp: [chan 1] Opened sftp connection (server version 3)
DEB [20141028-14:27:33.938] thr=8   paramiko.transport.sftp: [chan 1] open('/home/clusternode/MininetScripts/turn_on_script_for_10.0.2.101.py', 'wb')
DEB [20141028-14:27:33.939] thr=8   paramiko.transport.sftp: [chan 1] open('/home/clusternode/MininetScripts/turn_on_script_for_10.0.2.101.py', 'wb') -> 00000000
DEB [20141028-14:27:33.940] thr=6   paramiko.transport: Attempting password auth...
DEB [20141028-14:27:33.940] thr=8   paramiko.transport.sftp: [chan 1] close(00000000)
DEB [20141028-14:27:33.942] thr=8   paramiko.transport.sftp: [chan 1] stat('/home/clusternode/MininetScripts/turn_on_script_for_10.0.2.101.py')
INF [20141028-14:27:33.943] thr=8   paramiko.transport.sftp: [chan 1] sftp session closed.
DEB [20141028-14:27:33.943] thr=8   paramiko.transport: [chan 1] EOF sent (1)
DEB [20141028-14:27:33.944] thr=7   paramiko.transport: EOF in transport thread
DEB [20141028-14:27:33.946] thr=7   paramiko.transport: starting thread (client mode): 0x74f4710L
INF [20141028-14:27:33.955] thr=7   paramiko.transport: Connected (version 2.0, client OpenSSH_6.2p2)
DEB [20141028-14:27:33.956] thr=7   paramiko.transport: kex algos:['ecdh-sha2-nistp256', 'ecdh-sha2-nistp384', 'ecdh-sha2-nistp521', 'diffie-hellman-group-exchange-sha256', 'diffie-hellman-group-exchange-sha1', 'diffie-hellman-group14-sha1', 'diffie-hellman-group1-sha1'] server key:['ssh-rsa', 'ssh-dss', 'ecdsa-sha2-nistp256'] client encrypt:['aes128-ctr', 'aes192-ctr', 'aes256-ctr', 'arcfour256', 'arcfour128', 'aes128-gcm@openssh.com', 'aes256-gcm@openssh.com', 'aes128-cbc', '3des-cbc', 'blowfish-cbc', 'cast128-cbc', 'aes192-cbc', 'aes256-cbc', 'arcfour', 'rijndael-cbc@lysator.liu.se'] server encrypt:['aes128-ctr', 'aes192-ctr', 'aes256-ctr', 'arcfour256', 'arcfour128', 'aes128-gcm@openssh.com', 'aes256-gcm@openssh.com', 'aes128-cbc', '3des-cbc', 'blowfish-cbc', 'cast128-cbc', 'aes192-cbc', 'aes256-cbc', 'arcfour', 'rijndael-cbc@lysator.liu.se'] client mac:['hmac-md5-etm@openssh.com', 'hmac-sha1-etm@openssh.com', 'umac-64-etm@openssh.com', 'umac-128-etm@openssh.com', 'hmac-sha2-256-etm@openssh.com', 'hmac-sha2-512-etm@openssh.com', 'hmac-ripemd160-etm@openssh.com', 'hmac-sha1-96-etm@openssh.com', 'hmac-md5-96-etm@openssh.com', 'hmac-md5', 'hmac-sha1', 'umac-64@openssh.com', 'umac-128@openssh.com', 'hmac-sha2-256', 'hmac-sha2-512', 'hmac-ripemd160', 'hmac-ripemd160@openssh.com', 'hmac-sha1-96', 'hmac-md5-96'] server mac:['hmac-md5-etm@openssh.com', 'hmac-sha1-etm@openssh.com', 'umac-64-etm@openssh.com', 'umac-128-etm@openssh.com', 'hmac-sha2-256-etm@openssh.com', 'hmac-sha2-512-etm@openssh.com', 'hmac-ripemd160-etm@openssh.com', 'hmac-sha1-96-etm@openssh.com', 'hmac-md5-96-etm@openssh.com', 'hmac-md5', 'hmac-sha1', 'umac-64@openssh.com', 'umac-128@openssh.com', 'hmac-sha2-256', 'hmac-sha2-512', 'hmac-ripemd160', 'hmac-ripemd160@openssh.com', 'hmac-sha1-96', 'hmac-md5-96'] client compress:['none', 'zlib@openssh.com'] server compress:['none', 'zlib@openssh.com'] client lang:[''] server lang:[''] kex follows?False
DEB [20141028-14:27:33.956] thr=7   paramiko.transport: Ciphers agreed: local=aes128-ctr, remote=aes128-ctr
DEB [20141028-14:27:33.956] thr=7   paramiko.transport: using kex diffie-hellman-group1-sha1; server key type ssh-rsa; cipher: local aes128-ctr, remote aes128-ctr; mac: local hmac-sha1, remote hmac-sha1; compression: local none, remote none
DEB [20141028-14:27:33.969] thr=9   paramiko.transport: userauth is OK
DEB [20141028-14:27:33.969] thr=7   paramiko.transport: Switch to new keys ...
INF [20141028-14:27:33.979] thr=9   paramiko.transport: Authentication (password) successful!
DEB [20141028-14:27:33.988] thr=8   paramiko.transport: Attempting password auth...
DEB [20141028-14:27:34.009] thr=7   paramiko.transport: userauth is OK
DEB [20141028-14:27:34.015] thr=6   paramiko.transport: [chan 1] Max packet in: 34816 bytes
INF [20141028-14:27:34.021] thr=7   paramiko.transport: Authentication (password) successful!
DEB [20141028-14:27:34.026] thr=8   paramiko.transport: [chan 1] Max packet in: 34816 bytes
DEB [20141028-14:27:34.027] thr=9   paramiko.transport: [chan 1] Max packet out: 32768 bytes
INF [20141028-14:27:34.027] thr=9   paramiko.transport: Secsh channel 1 opened.
DEB [20141028-14:27:34.036] thr=9   paramiko.transport: [chan 1] Sesch channel 1 request ok
INF [20141028-14:27:34.048] thr=6   paramiko.transport.sftp: [chan 1] Opened sftp connection (server version 3)
DEB [20141028-14:27:34.049] thr=6   paramiko.transport.sftp: [chan 1] open('/home/clusternode/MininetScripts/scapy_packet_gen.py', 'wb')
DEB [20141028-14:27:34.052] thr=6   paramiko.transport.sftp: [chan 1] open('/home/clusternode/MininetScripts/scapy_packet_gen.py', 'wb') -> 00000000
DEB [20141028-14:27:34.055] thr=6   paramiko.transport.sftp: [chan 1] close(00000000)
DEB [20141028-14:27:34.057] thr=6   paramiko.transport.sftp: [chan 1] stat('/home/clusternode/MininetScripts/scapy_packet_gen.py')
INF [20141028-14:27:34.060] thr=6   paramiko.transport.sftp: [chan 1] sftp session closed.
DEB [20141028-14:27:34.061] thr=6   paramiko.transport: [chan 1] EOF sent (1)
DEB [20141028-14:27:34.063] thr=9   paramiko.transport: EOF in transport thread
DEB [20141028-14:27:34.067] thr=9   paramiko.transport: starting thread (client mode): 0x74f4c50L
INF [20141028-14:27:34.080] thr=9   paramiko.transport: Connected (version 2.0, client OpenSSH_6.2p2)
DEB [20141028-14:27:34.082] thr=9   paramiko.transport: kex algos:['ecdh-sha2-nistp256', 'ecdh-sha2-nistp384', 'ecdh-sha2-nistp521', 'diffie-hellman-group-exchange-sha256', 'diffie-hellman-group-exchange-sha1', 'diffie-hellman-group14-sha1', 'diffie-hellman-group1-sha1'] server key:['ssh-rsa', 'ssh-dss', 'ecdsa-sha2-nistp256'] client encrypt:['aes128-ctr', 'aes192-ctr', 'aes256-ctr', 'arcfour256', 'arcfour128', 'aes128-gcm@openssh.com', 'aes256-gcm@openssh.com', 'aes128-cbc', '3des-cbc', 'blowfish-cbc', 'cast128-cbc', 'aes192-cbc', 'aes256-cbc', 'arcfour', 'rijndael-cbc@lysator.liu.se'] server encrypt:['aes128-ctr', 'aes192-ctr', 'aes256-ctr', 'arcfour256', 'arcfour128', 'aes128-gcm@openssh.com', 'aes256-gcm@openssh.com', 'aes128-cbc', '3des-cbc', 'blowfish-cbc', 'cast128-cbc', 'aes192-cbc', 'aes256-cbc', 'arcfour', 'rijndael-cbc@lysator.liu.se'] client mac:['hmac-md5-etm@openssh.com', 'hmac-sha1-etm@openssh.com', 'umac-64-etm@openssh.com', 'umac-128-etm@openssh.com', 'hmac-sha2-256-etm@openssh.com', 'hmac-sha2-512-etm@openssh.com', 'hmac-ripemd160-etm@openssh.com', 'hmac-sha1-96-etm@openssh.com', 'hmac-md5-96-etm@openssh.com', 'hmac-md5', 'hmac-sha1', 'umac-64@openssh.com', 'umac-128@openssh.com', 'hmac-sha2-256', 'hmac-sha2-512', 'hmac-ripemd160', 'hmac-ripemd160@openssh.com', 'hmac-sha1-96', 'hmac-md5-96'] server mac:['hmac-md5-etm@openssh.com', 'hmac-sha1-etm@openssh.com', 'umac-64-etm@openssh.com', 'umac-128-etm@openssh.com', 'hmac-sha2-256-etm@openssh.com', 'hmac-sha2-512-etm@openssh.com', 'hmac-ripemd160-etm@openssh.com', 'hmac-sha1-96-etm@openssh.com', 'hmac-md5-96-etm@openssh.com', 'hmac-md5', 'hmac-sha1', 'umac-64@openssh.com', 'umac-128@openssh.com', 'hmac-sha2-256', 'hmac-sha2-512', 'hmac-ripemd160', 'hmac-ripemd160@openssh.com', 'hmac-sha1-96', 'hmac-md5-96'] client compress:['none', 'zlib@openssh.com'] server compress:['none', 'zlib@openssh.com'] client lang:[''] server lang:[''] kex follows?False
DEB [20141028-14:27:34.082] thr=9   paramiko.transport: Ciphers agreed: local=aes128-ctr, remote=aes128-ctr
DEB [20141028-14:27:34.082] thr=9   paramiko.transport: using kex diffie-hellman-group1-sha1; server key type ssh-rsa; cipher: local aes128-ctr, remote aes128-ctr; mac: local hmac-sha1, remote hmac-sha1; compression: local none, remote none
DEB [20141028-14:27:34.098] thr=9   paramiko.transport: Switch to new keys ...
DEB [20141028-14:27:34.103] thr=7   paramiko.transport: [chan 1] Max packet out: 32768 bytes
INF [20141028-14:27:34.103] thr=7   paramiko.transport: Secsh channel 1 opened.
DEB [20141028-14:27:34.107] thr=6   paramiko.transport: Attempting password auth...
DEB [20141028-14:27:34.133] thr=7   paramiko.transport: [chan 1] Sesch channel 1 request ok
DEB [20141028-14:27:34.137] thr=9   paramiko.transport: userauth is OK
INF [20141028-14:27:34.145] thr=8   paramiko.transport.sftp: [chan 1] Opened sftp connection (server version 3)
DEB [20141028-14:27:34.145] thr=8   paramiko.transport.sftp: [chan 1] open('/home/clusternode/MininetScripts/scapy_packet_gen.py', 'wb')
DEB [20141028-14:27:34.147] thr=8   paramiko.transport.sftp: [chan 1] open('/home/clusternode/MininetScripts/scapy_packet_gen.py', 'wb') -> 00000000
DEB [20141028-14:27:34.148] thr=8   paramiko.transport.sftp: [chan 1] close(00000000)
DEB [20141028-14:27:34.149] thr=8   paramiko.transport.sftp: [chan 1] stat('/home/clusternode/MininetScripts/scapy_packet_gen.py')
INF [20141028-14:27:34.150] thr=9   paramiko.transport: Authentication (password) successful!
INF [20141028-14:27:34.151] thr=8   paramiko.transport.sftp: [chan 1] sftp session closed.
DEB [20141028-14:27:34.151] thr=8   paramiko.transport: [chan 1] EOF sent (1)
DEB [20141028-14:27:34.152] thr=7   paramiko.transport: EOF in transport thread
DEB [20141028-14:27:34.154] thr=7   paramiko.transport: starting thread (client mode): 0x74f4710L
INF [20141028-14:27:34.169] thr=7   paramiko.transport: Connected (version 2.0, client OpenSSH_6.2p2)
DEB [20141028-14:27:34.171] thr=7   paramiko.transport: kex algos:['ecdh-sha2-nistp256', 'ecdh-sha2-nistp384', 'ecdh-sha2-nistp521', 'diffie-hellman-group-exchange-sha256', 'diffie-hellman-group-exchange-sha1', 'diffie-hellman-group14-sha1', 'diffie-hellman-group1-sha1'] server key:['ssh-rsa', 'ssh-dss', 'ecdsa-sha2-nistp256'] client encrypt:['aes128-ctr', 'aes192-ctr', 'aes256-ctr', 'arcfour256', 'arcfour128', 'aes128-gcm@openssh.com', 'aes256-gcm@openssh.com', 'aes128-cbc', '3des-cbc', 'blowfish-cbc', 'cast128-cbc', 'aes192-cbc', 'aes256-cbc', 'arcfour', 'rijndael-cbc@lysator.liu.se'] server encrypt:['aes128-ctr', 'aes192-ctr', 'aes256-ctr', 'arcfour256', 'arcfour128', 'aes128-gcm@openssh.com', 'aes256-gcm@openssh.com', 'aes128-cbc', '3des-cbc', 'blowfish-cbc', 'cast128-cbc', 'aes192-cbc', 'aes256-cbc', 'arcfour', 'rijndael-cbc@lysator.liu.se'] client mac:['hmac-md5-etm@openssh.com', 'hmac-sha1-etm@openssh.com', 'umac-64-etm@openssh.com', 'umac-128-etm@openssh.com', 'hmac-sha2-256-etm@openssh.com', 'hmac-sha2-512-etm@openssh.com', 'hmac-ripemd160-etm@openssh.com', 'hmac-sha1-96-etm@openssh.com', 'hmac-md5-96-etm@openssh.com', 'hmac-md5', 'hmac-sha1', 'umac-64@openssh.com', 'umac-128@openssh.com', 'hmac-sha2-256', 'hmac-sha2-512', 'hmac-ripemd160', 'hmac-ripemd160@openssh.com', 'hmac-sha1-96', 'hmac-md5-96'] server mac:['hmac-md5-etm@openssh.com', 'hmac-sha1-etm@openssh.com', 'umac-64-etm@openssh.com', 'umac-128-etm@openssh.com', 'hmac-sha2-256-etm@openssh.com', 'hmac-sha2-512-etm@openssh.com', 'hmac-ripemd160-etm@openssh.com', 'hmac-sha1-96-etm@openssh.com', 'hmac-md5-96-etm@openssh.com', 'hmac-md5', 'hmac-sha1', 'umac-64@openssh.com', 'umac-128@openssh.com', 'hmac-sha2-256', 'hmac-sha2-512', 'hmac-ripemd160', 'hmac-ripemd160@openssh.com', 'hmac-sha1-96', 'hmac-md5-96'] client compress:['none', 'zlib@openssh.com'] server compress:['none', 'zlib@openssh.com'] client lang:[''] server lang:[''] kex follows?False
DEB [20141028-14:27:34.171] thr=7   paramiko.transport: Ciphers agreed: local=aes128-ctr, remote=aes128-ctr
DEB [20141028-14:27:34.171] thr=7   paramiko.transport: using kex diffie-hellman-group1-sha1; server key type ssh-rsa; cipher: local aes128-ctr, remote aes128-ctr; mac: local hmac-sha1, remote hmac-sha1; compression: local none, remote none
DEB [20141028-14:27:34.179] thr=6   paramiko.transport: [chan 1] Max packet in: 34816 bytes
DEB [20141028-14:27:34.190] thr=7   paramiko.transport: Switch to new keys ...
DEB [20141028-14:27:34.196] thr=8   paramiko.transport: Attempting password auth...
DEB [20141028-14:27:34.229] thr=7   paramiko.transport: userauth is OK
INF [20141028-14:27:34.252] thr=7   paramiko.transport: Authentication (password) successful!
DEB [20141028-14:27:34.254] thr=9   paramiko.transport: [chan 1] Max packet out: 32768 bytes
INF [20141028-14:27:34.254] thr=9   paramiko.transport: Secsh channel 1 opened.
DEB [20141028-14:27:34.262] thr=9   paramiko.transport: [chan 1] Sesch channel 1 request ok
DEB [20141028-14:27:34.268] thr=8   paramiko.transport: [chan 1] Max packet in: 34816 bytes
INF [20141028-14:27:34.274] thr=6   paramiko.transport.sftp: [chan 1] Opened sftp connection (server version 3)
DEB [20141028-14:27:34.274] thr=6   paramiko.transport.sftp: [chan 1] open('/home/clusternode/MininetScripts/port_sniffer.py', 'wb')
DEB [20141028-14:27:34.276] thr=6   paramiko.transport.sftp: [chan 1] open('/home/clusternode/MininetScripts/port_sniffer.py', 'wb') -> 00000000
DEB [20141028-14:27:34.280] thr=6   paramiko.transport.sftp: [chan 1] close(00000000)
DEB [20141028-14:27:34.282] thr=6   paramiko.transport.sftp: [chan 1] stat('/home/clusternode/MininetScripts/port_sniffer.py')
INF [20141028-14:27:34.284] thr=6   paramiko.transport.sftp: [chan 1] sftp session closed.
DEB [20141028-14:27:34.285] thr=6   paramiko.transport: [chan 1] EOF sent (1)
DEB [20141028-14:27:34.287] thr=9   paramiko.transport: EOF in transport thread
DEB [20141028-14:27:34.289] thr=9   paramiko.transport: starting thread (client mode): 0x74f4c50L
INF [20141028-14:27:34.299] thr=9   paramiko.transport: Connected (version 2.0, client OpenSSH_6.2p2)
DEB [20141028-14:27:34.301] thr=9   paramiko.transport: kex algos:['ecdh-sha2-nistp256', 'ecdh-sha2-nistp384', 'ecdh-sha2-nistp521', 'diffie-hellman-group-exchange-sha256', 'diffie-hellman-group-exchange-sha1', 'diffie-hellman-group14-sha1', 'diffie-hellman-group1-sha1'] server key:['ssh-rsa', 'ssh-dss', 'ecdsa-sha2-nistp256'] client encrypt:['aes128-ctr', 'aes192-ctr', 'aes256-ctr', 'arcfour256', 'arcfour128', 'aes128-gcm@openssh.com', 'aes256-gcm@openssh.com', 'aes128-cbc', '3des-cbc', 'blowfish-cbc', 'cast128-cbc', 'aes192-cbc', 'aes256-cbc', 'arcfour', 'rijndael-cbc@lysator.liu.se'] server encrypt:['aes128-ctr', 'aes192-ctr', 'aes256-ctr', 'arcfour256', 'arcfour128', 'aes128-gcm@openssh.com', 'aes256-gcm@openssh.com', 'aes128-cbc', '3des-cbc', 'blowfish-cbc', 'cast128-cbc', 'aes192-cbc', 'aes256-cbc', 'arcfour', 'rijndael-cbc@lysator.liu.se'] client mac:['hmac-md5-etm@openssh.com', 'hmac-sha1-etm@openssh.com', 'umac-64-etm@openssh.com', 'umac-128-etm@openssh.com', 'hmac-sha2-256-etm@openssh.com', 'hmac-sha2-512-etm@openssh.com', 'hmac-ripemd160-etm@openssh.com', 'hmac-sha1-96-etm@openssh.com', 'hmac-md5-96-etm@openssh.com', 'hmac-md5', 'hmac-sha1', 'umac-64@openssh.com', 'umac-128@openssh.com', 'hmac-sha2-256', 'hmac-sha2-512', 'hmac-ripemd160', 'hmac-ripemd160@openssh.com', 'hmac-sha1-96', 'hmac-md5-96'] server mac:['hmac-md5-etm@openssh.com', 'hmac-sha1-etm@openssh.com', 'umac-64-etm@openssh.com', 'umac-128-etm@openssh.com', 'hmac-sha2-256-etm@openssh.com', 'hmac-sha2-512-etm@openssh.com', 'hmac-ripemd160-etm@openssh.com', 'hmac-sha1-96-etm@openssh.com', 'hmac-md5-96-etm@openssh.com', 'hmac-md5', 'hmac-sha1', 'umac-64@openssh.com', 'umac-128@openssh.com', 'hmac-sha2-256', 'hmac-sha2-512', 'hmac-ripemd160', 'hmac-ripemd160@openssh.com', 'hmac-sha1-96', 'hmac-md5-96'] client compress:['none', 'zlib@openssh.com'] server compress:['none', 'zlib@openssh.com'] client lang:[''] server lang:[''] kex follows?False
DEB [20141028-14:27:34.301] thr=9   paramiko.transport: Ciphers agreed: local=aes128-ctr, remote=aes128-ctr
DEB [20141028-14:27:34.301] thr=9   paramiko.transport: using kex diffie-hellman-group1-sha1; server key type ssh-rsa; cipher: local aes128-ctr, remote aes128-ctr; mac: local hmac-sha1, remote hmac-sha1; compression: local none, remote none
DEB [20141028-14:27:34.315] thr=9   paramiko.transport: Switch to new keys ...
DEB [20141028-14:27:34.316] thr=6   paramiko.transport: Attempting password auth...
DEB [20141028-14:27:34.322] thr=7   paramiko.transport: [chan 1] Max packet out: 32768 bytes
INF [20141028-14:27:34.322] thr=7   paramiko.transport: Secsh channel 1 opened.
DEB [20141028-14:27:34.343] thr=7   paramiko.transport: [chan 1] Sesch channel 1 request ok
INF [20141028-14:27:34.349] thr=8   paramiko.transport.sftp: [chan 1] Opened sftp connection (server version 3)
DEB [20141028-14:27:34.349] thr=8   paramiko.transport.sftp: [chan 1] open('/home/clusternode/MininetScripts/port_sniffer.py', 'wb')
DEB [20141028-14:27:34.351] thr=8   paramiko.transport.sftp: [chan 1] open('/home/clusternode/MininetScripts/port_sniffer.py', 'wb') -> 00000000
DEB [20141028-14:27:34.352] thr=8   paramiko.transport.sftp: [chan 1] close(00000000)
DEB [20141028-14:27:34.352] thr=9   paramiko.transport: userauth is OK
DEB [20141028-14:27:34.354] thr=8   paramiko.transport.sftp: [chan 1] stat('/home/clusternode/MininetScripts/port_sniffer.py')
INF [20141028-14:27:34.355] thr=8   paramiko.transport.sftp: [chan 1] sftp session closed.
DEB [20141028-14:27:34.355] thr=8   paramiko.transport: [chan 1] EOF sent (1)
DEB [20141028-14:27:34.356] thr=7   paramiko.transport: EOF in transport thread
DEB [20141028-14:27:34.362] thr=7   paramiko.transport: starting thread (client mode): 0x74f4710L
INF [20141028-14:27:34.366] thr=9   paramiko.transport: Authentication (password) successful!
INF [20141028-14:27:34.368] thr=7   paramiko.transport: Connected (version 2.0, client OpenSSH_6.2p2)
DEB [20141028-14:27:34.369] thr=7   paramiko.transport: kex algos:['ecdh-sha2-nistp256', 'ecdh-sha2-nistp384', 'ecdh-sha2-nistp521', 'diffie-hellman-group-exchange-sha256', 'diffie-hellman-group-exchange-sha1', 'diffie-hellman-group14-sha1', 'diffie-hellman-group1-sha1'] server key:['ssh-rsa', 'ssh-dss', 'ecdsa-sha2-nistp256'] client encrypt:['aes128-ctr', 'aes192-ctr', 'aes256-ctr', 'arcfour256', 'arcfour128', 'aes128-gcm@openssh.com', 'aes256-gcm@openssh.com', 'aes128-cbc', '3des-cbc', 'blowfish-cbc', 'cast128-cbc', 'aes192-cbc', 'aes256-cbc', 'arcfour', 'rijndael-cbc@lysator.liu.se'] server encrypt:['aes128-ctr', 'aes192-ctr', 'aes256-ctr', 'arcfour256', 'arcfour128', 'aes128-gcm@openssh.com', 'aes256-gcm@openssh.com', 'aes128-cbc', '3des-cbc', 'blowfish-cbc', 'cast128-cbc', 'aes192-cbc', 'aes256-cbc', 'arcfour', 'rijndael-cbc@lysator.liu.se'] client mac:['hmac-md5-etm@openssh.com', 'hmac-sha1-etm@openssh.com', 'umac-64-etm@openssh.com', 'umac-128-etm@openssh.com', 'hmac-sha2-256-etm@openssh.com', 'hmac-sha2-512-etm@openssh.com', 'hmac-ripemd160-etm@openssh.com', 'hmac-sha1-96-etm@openssh.com', 'hmac-md5-96-etm@openssh.com', 'hmac-md5', 'hmac-sha1', 'umac-64@openssh.com', 'umac-128@openssh.com', 'hmac-sha2-256', 'hmac-sha2-512', 'hmac-ripemd160', 'hmac-ripemd160@openssh.com', 'hmac-sha1-96', 'hmac-md5-96'] server mac:['hmac-md5-etm@openssh.com', 'hmac-sha1-etm@openssh.com', 'umac-64-etm@openssh.com', 'umac-128-etm@openssh.com', 'hmac-sha2-256-etm@openssh.com', 'hmac-sha2-512-etm@openssh.com', 'hmac-ripemd160-etm@openssh.com', 'hmac-sha1-96-etm@openssh.com', 'hmac-md5-96-etm@openssh.com', 'hmac-md5', 'hmac-sha1', 'umac-64@openssh.com', 'umac-128@openssh.com', 'hmac-sha2-256', 'hmac-sha2-512', 'hmac-ripemd160', 'hmac-ripemd160@openssh.com', 'hmac-sha1-96', 'hmac-md5-96'] client compress:['none', 'zlib@openssh.com'] server compress:['none', 'zlib@openssh.com'] client lang:[''] server lang:[''] kex follows?False
DEB [20141028-14:27:34.369] thr=7   paramiko.transport: Ciphers agreed: local=aes128-ctr, remote=aes128-ctr
DEB [20141028-14:27:34.369] thr=7   paramiko.transport: using kex diffie-hellman-group1-sha1; server key type ssh-rsa; cipher: local aes128-ctr, remote aes128-ctr; mac: local hmac-sha1, remote hmac-sha1; compression: local none, remote none
DEB [20141028-14:27:34.382] thr=7   paramiko.transport: Switch to new keys ...
DEB [20141028-14:27:34.384] thr=8   paramiko.transport: Attempting password auth...
DEB [20141028-14:27:34.389] thr=6   paramiko.transport: [chan 1] Max packet in: 34816 bytes
DEB [20141028-14:27:34.414] thr=9   paramiko.transport: [chan 1] Max packet out: 32768 bytes
INF [20141028-14:27:34.414] thr=9   paramiko.transport: Secsh channel 1 opened.
DEB [20141028-14:27:34.420] thr=7   paramiko.transport: userauth is OK
DEB [20141028-14:27:34.431] thr=9   paramiko.transport: [chan 1] Sesch channel 1 request ok
INF [20141028-14:27:34.436] thr=7   paramiko.transport: Authentication (password) successful!
INF [20141028-14:27:34.447] thr=6   paramiko.transport.sftp: [chan 1] Opened sftp connection (server version 3)
DEB [20141028-14:27:34.448] thr=6   paramiko.transport.sftp: [chan 1] open('/home/clusternode/MininetScripts/file_monitor.py', 'wb')
DEB [20141028-14:27:34.450] thr=6   paramiko.transport.sftp: [chan 1] open('/home/clusternode/MininetScripts/file_monitor.py', 'wb') -> 00000000
DEB [20141028-14:27:34.452] thr=6   paramiko.transport.sftp: [chan 1] close(00000000)
DEB [20141028-14:27:34.454] thr=6   paramiko.transport.sftp: [chan 1] stat('/home/clusternode/MininetScripts/file_monitor.py')
DEB [20141028-14:27:34.456] thr=8   paramiko.transport: [chan 1] Max packet in: 34816 bytes
INF [20141028-14:27:34.462] thr=6   paramiko.transport.sftp: [chan 1] sftp session closed.
DEB [20141028-14:27:34.462] thr=6   paramiko.transport: [chan 1] EOF sent (1)
DEB [20141028-14:27:34.465] thr=9   paramiko.transport: EOF in transport thread
DEB [20141028-14:27:34.469] thr=9   paramiko.transport: starting thread (client mode): 0x74f4c50L
INF [20141028-14:27:34.483] thr=9   paramiko.transport: Connected (version 2.0, client OpenSSH_6.2p2)
DEB [20141028-14:27:34.484] thr=9   paramiko.transport: kex algos:['ecdh-sha2-nistp256', 'ecdh-sha2-nistp384', 'ecdh-sha2-nistp521', 'diffie-hellman-group-exchange-sha256', 'diffie-hellman-group-exchange-sha1', 'diffie-hellman-group14-sha1', 'diffie-hellman-group1-sha1'] server key:['ssh-rsa', 'ssh-dss', 'ecdsa-sha2-nistp256'] client encrypt:['aes128-ctr', 'aes192-ctr', 'aes256-ctr', 'arcfour256', 'arcfour128', 'aes128-gcm@openssh.com', 'aes256-gcm@openssh.com', 'aes128-cbc', '3des-cbc', 'blowfish-cbc', 'cast128-cbc', 'aes192-cbc', 'aes256-cbc', 'arcfour', 'rijndael-cbc@lysator.liu.se'] server encrypt:['aes128-ctr', 'aes192-ctr', 'aes256-ctr', 'arcfour256', 'arcfour128', 'aes128-gcm@openssh.com', 'aes256-gcm@openssh.com', 'aes128-cbc', '3des-cbc', 'blowfish-cbc', 'cast128-cbc', 'aes192-cbc', 'aes256-cbc', 'arcfour', 'rijndael-cbc@lysator.liu.se'] client mac:['hmac-md5-etm@openssh.com', 'hmac-sha1-etm@openssh.com', 'umac-64-etm@openssh.com', 'umac-128-etm@openssh.com', 'hmac-sha2-256-etm@openssh.com', 'hmac-sha2-512-etm@openssh.com', 'hmac-ripemd160-etm@openssh.com', 'hmac-sha1-96-etm@openssh.com', 'hmac-md5-96-etm@openssh.com', 'hmac-md5', 'hmac-sha1', 'umac-64@openssh.com', 'umac-128@openssh.com', 'hmac-sha2-256', 'hmac-sha2-512', 'hmac-ripemd160', 'hmac-ripemd160@openssh.com', 'hmac-sha1-96', 'hmac-md5-96'] server mac:['hmac-md5-etm@openssh.com', 'hmac-sha1-etm@openssh.com', 'umac-64-etm@openssh.com', 'umac-128-etm@openssh.com', 'hmac-sha2-256-etm@openssh.com', 'hmac-sha2-512-etm@openssh.com', 'hmac-ripemd160-etm@openssh.com', 'hmac-sha1-96-etm@openssh.com', 'hmac-md5-96-etm@openssh.com', 'hmac-md5', 'hmac-sha1', 'umac-64@openssh.com', 'umac-128@openssh.com', 'hmac-sha2-256', 'hmac-sha2-512', 'hmac-ripemd160', 'hmac-ripemd160@openssh.com', 'hmac-sha1-96', 'hmac-md5-96'] client compress:['none', 'zlib@openssh.com'] server compress:['none', 'zlib@openssh.com'] client lang:[''] server lang:[''] kex follows?False
DEB [20141028-14:27:34.484] thr=9   paramiko.transport: Ciphers agreed: local=aes128-ctr, remote=aes128-ctr
DEB [20141028-14:27:34.484] thr=9   paramiko.transport: using kex diffie-hellman-group1-sha1; server key type ssh-rsa; cipher: local aes128-ctr, remote aes128-ctr; mac: local hmac-sha1, remote hmac-sha1; compression: local none, remote none
DEB [20141028-14:27:34.511] thr=7   paramiko.transport: [chan 1] Max packet out: 32768 bytes
INF [20141028-14:27:34.511] thr=7   paramiko.transport: Secsh channel 1 opened.
DEB [20141028-14:27:34.532] thr=9   paramiko.transport: Switch to new keys ...
DEB [20141028-14:27:34.533] thr=7   paramiko.transport: [chan 1] Sesch channel 1 request ok
INF [20141028-14:27:34.539] thr=8   paramiko.transport.sftp: [chan 1] Opened sftp connection (server version 3)
DEB [20141028-14:27:34.539] thr=8   paramiko.transport.sftp: [chan 1] open('/home/clusternode/MininetScripts/file_monitor.py', 'wb')
DEB [20141028-14:27:34.540] thr=8   paramiko.transport.sftp: [chan 1] open('/home/clusternode/MininetScripts/file_monitor.py', 'wb') -> 00000000
DEB [20141028-14:27:34.541] thr=8   paramiko.transport.sftp: [chan 1] close(00000000)
DEB [20141028-14:27:34.542] thr=8   paramiko.transport.sftp: [chan 1] stat('/home/clusternode/MininetScripts/file_monitor.py')
INF [20141028-14:27:34.544] thr=8   paramiko.transport.sftp: [chan 1] sftp session closed.
DEB [20141028-14:27:34.544] thr=8   paramiko.transport: [chan 1] EOF sent (1)
DEB [20141028-14:27:34.545] thr=7   paramiko.transport: EOF in transport thread
DEB [20141028-14:27:34.546] thr=6   paramiko.transport: Attempting password auth...
DEB [20141028-14:27:34.547] thr=7   paramiko.transport: starting thread (client mode): 0x74f4710L
INF [20141028-14:27:34.555] thr=7   paramiko.transport: Connected (version 2.0, client OpenSSH_6.2p2)
DEB [20141028-14:27:34.556] thr=7   paramiko.transport: kex algos:['ecdh-sha2-nistp256', 'ecdh-sha2-nistp384', 'ecdh-sha2-nistp521', 'diffie-hellman-group-exchange-sha256', 'diffie-hellman-group-exchange-sha1', 'diffie-hellman-group14-sha1', 'diffie-hellman-group1-sha1'] server key:['ssh-rsa', 'ssh-dss', 'ecdsa-sha2-nistp256'] client encrypt:['aes128-ctr', 'aes192-ctr', 'aes256-ctr', 'arcfour256', 'arcfour128', 'aes128-gcm@openssh.com', 'aes256-gcm@openssh.com', 'aes128-cbc', '3des-cbc', 'blowfish-cbc', 'cast128-cbc', 'aes192-cbc', 'aes256-cbc', 'arcfour', 'rijndael-cbc@lysator.liu.se'] server encrypt:['aes128-ctr', 'aes192-ctr', 'aes256-ctr', 'arcfour256', 'arcfour128', 'aes128-gcm@openssh.com', 'aes256-gcm@openssh.com', 'aes128-cbc', '3des-cbc', 'blowfish-cbc', 'cast128-cbc', 'aes192-cbc', 'aes256-cbc', 'arcfour', 'rijndael-cbc@lysator.liu.se'] client mac:['hmac-md5-etm@openssh.com', 'hmac-sha1-etm@openssh.com', 'umac-64-etm@openssh.com', 'umac-128-etm@openssh.com', 'hmac-sha2-256-etm@openssh.com', 'hmac-sha2-512-etm@openssh.com', 'hmac-ripemd160-etm@openssh.com', 'hmac-sha1-96-etm@openssh.com', 'hmac-md5-96-etm@openssh.com', 'hmac-md5', 'hmac-sha1', 'umac-64@openssh.com', 'umac-128@openssh.com', 'hmac-sha2-256', 'hmac-sha2-512', 'hmac-ripemd160', 'hmac-ripemd160@openssh.com', 'hmac-sha1-96', 'hmac-md5-96'] server mac:['hmac-md5-etm@openssh.com', 'hmac-sha1-etm@openssh.com', 'umac-64-etm@openssh.com', 'umac-128-etm@openssh.com', 'hmac-sha2-256-etm@openssh.com', 'hmac-sha2-512-etm@openssh.com', 'hmac-ripemd160-etm@openssh.com', 'hmac-sha1-96-etm@openssh.com', 'hmac-md5-96-etm@openssh.com', 'hmac-md5', 'hmac-sha1', 'umac-64@openssh.com', 'umac-128@openssh.com', 'hmac-sha2-256', 'hmac-sha2-512', 'hmac-ripemd160', 'hmac-ripemd160@openssh.com', 'hmac-sha1-96', 'hmac-md5-96'] client compress:['none', 'zlib@openssh.com'] server compress:['none', 'zlib@openssh.com'] client lang:[''] server lang:[''] kex follows?False
DEB [20141028-14:27:34.556] thr=7   paramiko.transport: Ciphers agreed: local=aes128-ctr, remote=aes128-ctr
DEB [20141028-14:27:34.556] thr=7   paramiko.transport: using kex diffie-hellman-group1-sha1; server key type ssh-rsa; cipher: local aes128-ctr, remote aes128-ctr; mac: local hmac-sha1, remote hmac-sha1; compression: local none, remote none
DEB [20141028-14:27:34.568] thr=7   paramiko.transport: Switch to new keys ...
DEB [20141028-14:27:34.570] thr=8   paramiko.transport: Attempting password auth...
DEB [20141028-14:27:34.571] thr=9   paramiko.transport: userauth is OK
INF [20141028-14:27:34.580] thr=9   paramiko.transport: Authentication (password) successful!
DEB [20141028-14:27:34.590] thr=6   paramiko.transport: [chan 1] Max packet in: 34816 bytes
DEB [20141028-14:27:34.609] thr=7   paramiko.transport: userauth is OK
INF [20141028-14:27:34.620] thr=7   paramiko.transport: Authentication (password) successful!
DEB [20141028-14:27:34.629] thr=9   paramiko.transport: [chan 1] Max packet out: 32768 bytes
INF [20141028-14:27:34.629] thr=9   paramiko.transport: Secsh channel 1 opened.
DEB [20141028-14:27:34.643] thr=8   paramiko.transport: [chan 1] Max packet in: 34816 bytes
DEB [20141028-14:27:34.665] thr=7   paramiko.transport: [chan 1] Max packet out: 32768 bytes
INF [20141028-14:27:34.665] thr=7   paramiko.transport: Secsh channel 1 opened.
DEB [20141028-14:27:34.666] thr=9   paramiko.transport: [chan 1] Sesch channel 1 request ok
INF [20141028-14:27:34.672] thr=6   paramiko.transport.sftp: [chan 1] Opened sftp connection (server version 3)
DEB [20141028-14:27:34.672] thr=6   paramiko.transport.sftp: [chan 1] open('/home/clusternode/MininetScripts/worm_instance.py', 'wb')
DEB [20141028-14:27:34.673] thr=6   paramiko.transport.sftp: [chan 1] open('/home/clusternode/MininetScripts/worm_instance.py', 'wb') -> 00000000
DEB [20141028-14:27:34.676] thr=6   paramiko.transport.sftp: [chan 1] close(00000000)
DEB [20141028-14:27:34.677] thr=6   paramiko.transport.sftp: [chan 1] stat('/home/clusternode/MininetScripts/worm_instance.py')
INF [20141028-14:27:34.679] thr=6   paramiko.transport.sftp: [chan 1] sftp session closed.
DEB [20141028-14:27:34.679] thr=6   paramiko.transport: [chan 1] EOF sent (1)
DEB [20141028-14:27:34.680] thr=9   paramiko.transport: EOF in transport thread
DEB [20141028-14:27:34.682] thr=7   paramiko.transport: [chan 1] Sesch channel 1 request ok
INF [20141028-14:27:34.689] thr=8   paramiko.transport.sftp: [chan 1] Opened sftp connection (server version 3)
DEB [20141028-14:27:34.689] thr=8   paramiko.transport.sftp: [chan 1] open('/home/clusternode/MininetScripts/worm_instance.py', 'wb')
DEB [20141028-14:27:34.690] thr=8   paramiko.transport.sftp: [chan 1] open('/home/clusternode/MininetScripts/worm_instance.py', 'wb') -> 00000000
DEB [20141028-14:27:34.691] thr=8   paramiko.transport.sftp: [chan 1] close(00000000)
DEB [20141028-14:27:34.692] thr=8   paramiko.transport.sftp: [chan 1] stat('/home/clusternode/MininetScripts/worm_instance.py')
INF [20141028-14:27:34.693] thr=8   paramiko.transport.sftp: [chan 1] sftp session closed.
DEB [20141028-14:27:34.694] thr=8   paramiko.transport: [chan 1] EOF sent (1)
DEB [20141028-14:27:34.695] thr=7   paramiko.transport: EOF in transport thread
DEB [20141028-14:36:27.230] thr=3   paramiko.transport: EOF in transport thread
DEB [20141028-14:36:27.235] thr=1   paramiko.transport: EOF in transport thread
