12-09 17:02 MininetCE    INFO     Reading nodelist from file
12-09 17:02 MininetCE    INFO     DONE!
12-09 17:02 paramiko.transport DEBUG    starting thread (client mode): 0x7348dd0L
12-09 17:02 paramiko.transport INFO     Connected (version 2.0, client OpenSSH_5.9p1)
12-09 17:02 paramiko.transport DEBUG    kex algos:['ecdh-sha2-nistp256', 'ecdh-sha2-nistp384', 'ecdh-sha2-nistp521', 'diffie-hellman-group-exchange-sha256', 'diffie-hellman-group-exchange-sha1', 'diffie-hellman-group14-sha1', 'diffie-hellman-group1-sha1'] server key:['ssh-rsa', 'ssh-dss', 'ecdsa-sha2-nistp256'] client encrypt:['aes128-ctr', 'aes192-ctr', 'aes256-ctr', 'arcfour256', 'arcfour128', 'aes128-cbc', '3des-cbc', 'blowfish-cbc', 'cast128-cbc', 'aes192-cbc', 'aes256-cbc', 'arcfour', 'rijndael-cbc@lysator.liu.se'] server encrypt:['aes128-ctr', 'aes192-ctr', 'aes256-ctr', 'arcfour256', 'arcfour128', 'aes128-cbc', '3des-cbc', 'blowfish-cbc', 'cast128-cbc', 'aes192-cbc', 'aes256-cbc', 'arcfour', 'rijndael-cbc@lysator.liu.se'] client mac:['hmac-md5', 'hmac-sha1', 'umac-64@openssh.com', 'hmac-sha2-256', 'hmac-sha2-256-96', 'hmac-sha2-512', 'hmac-sha2-512-96', 'hmac-ripemd160', 'hmac-ripemd160@openssh.com', 'hmac-sha1-96', 'hmac-md5-96'] server mac:['hmac-md5', 'hmac-sha1', 'umac-64@openssh.com', 'hmac-sha2-256', 'hmac-sha2-256-96', 'hmac-sha2-512', 'hmac-sha2-512-96', 'hmac-ripemd160', 'hmac-ripemd160@openssh.com', 'hmac-sha1-96', 'hmac-md5-96'] client compress:['none', 'zlib@openssh.com'] server compress:['none', 'zlib@openssh.com'] client lang:[''] server lang:[''] kex follows?False
12-09 17:02 paramiko.transport DEBUG    Ciphers agreed: local=aes128-ctr, remote=aes128-ctr
12-09 17:02 paramiko.transport DEBUG    using kex diffie-hellman-group1-sha1; server key type ssh-rsa; cipher: local aes128-ctr, remote aes128-ctr; mac: local hmac-sha1, remote hmac-sha1; compression: local none, remote none
12-09 17:02 paramiko.transport DEBUG    Switch to new keys ...
12-09 17:02 paramiko.transport DEBUG    Adding ssh-rsa host key for 10.211.55.11: d2ad8b4e16565229ec536394f7ed0836
12-09 17:02 paramiko.transport DEBUG    Trying discovered key 7efbafeda9163d0b6a3a8c2a347f2afc in /Users/vitalyantonenko/.ssh/id_rsa
12-09 17:02 paramiko.transport DEBUG    userauth is OK
12-09 17:02 paramiko.transport INFO     Authentication (publickey) failed.
12-09 17:02 paramiko.transport DEBUG    userauth is OK
12-09 17:02 paramiko.transport INFO     Authentication (password) successful!
12-09 17:02 paramiko.transport DEBUG    [chan 1] Max packet in: 34816 bytes
12-09 17:02 paramiko.transport DEBUG    [chan 1] Max packet out: 32768 bytes
12-09 17:02 paramiko.transport INFO     Secsh channel 1 opened.
12-09 17:02 paramiko.transport DEBUG    [chan 1] Sesch channel 1 request ok
12-09 17:02 paramiko.transport DEBUG    [chan 1] Sesch channel 1 request ok
12-09 17:02 MininetCE    INFO     opening SSH session to 10.211.55.11
12-09 17:02 paramiko.transport DEBUG    starting thread (client mode): 0x73c37d0L
12-09 17:02 paramiko.transport INFO     Connected (version 2.0, client OpenSSH_5.9p1)
12-09 17:02 paramiko.transport DEBUG    kex algos:['ecdh-sha2-nistp256', 'ecdh-sha2-nistp384', 'ecdh-sha2-nistp521', 'diffie-hellman-group-exchange-sha256', 'diffie-hellman-group-exchange-sha1', 'diffie-hellman-group14-sha1', 'diffie-hellman-group1-sha1'] server key:['ssh-rsa', 'ssh-dss', 'ecdsa-sha2-nistp256'] client encrypt:['aes128-ctr', 'aes192-ctr', 'aes256-ctr', 'arcfour256', 'arcfour128', 'aes128-cbc', '3des-cbc', 'blowfish-cbc', 'cast128-cbc', 'aes192-cbc', 'aes256-cbc', 'arcfour', 'rijndael-cbc@lysator.liu.se'] server encrypt:['aes128-ctr', 'aes192-ctr', 'aes256-ctr', 'arcfour256', 'arcfour128', 'aes128-cbc', '3des-cbc', 'blowfish-cbc', 'cast128-cbc', 'aes192-cbc', 'aes256-cbc', 'arcfour', 'rijndael-cbc@lysator.liu.se'] client mac:['hmac-md5', 'hmac-sha1', 'umac-64@openssh.com', 'hmac-sha2-256', 'hmac-sha2-256-96', 'hmac-sha2-512', 'hmac-sha2-512-96', 'hmac-ripemd160', 'hmac-ripemd160@openssh.com', 'hmac-sha1-96', 'hmac-md5-96'] server mac:['hmac-md5', 'hmac-sha1', 'umac-64@openssh.com', 'hmac-sha2-256', 'hmac-sha2-256-96', 'hmac-sha2-512', 'hmac-sha2-512-96', 'hmac-ripemd160', 'hmac-ripemd160@openssh.com', 'hmac-sha1-96', 'hmac-md5-96'] client compress:['none', 'zlib@openssh.com'] server compress:['none', 'zlib@openssh.com'] client lang:[''] server lang:[''] kex follows?False
12-09 17:02 paramiko.transport DEBUG    Ciphers agreed: local=aes128-ctr, remote=aes128-ctr
12-09 17:02 paramiko.transport DEBUG    using kex diffie-hellman-group1-sha1; server key type ssh-rsa; cipher: local aes128-ctr, remote aes128-ctr; mac: local hmac-sha1, remote hmac-sha1; compression: local none, remote none
12-09 17:02 paramiko.transport DEBUG    Switch to new keys ...
12-09 17:02 paramiko.transport DEBUG    Adding ssh-rsa host key for 10.211.55.12: bc1b27599a9b43439d9391c2b26c5db6
12-09 17:02 paramiko.transport DEBUG    Trying discovered key 7efbafeda9163d0b6a3a8c2a347f2afc in /Users/vitalyantonenko/.ssh/id_rsa
12-09 17:02 paramiko.transport DEBUG    userauth is OK
12-09 17:02 paramiko.transport INFO     Authentication (publickey) failed.
12-09 17:02 paramiko.transport DEBUG    userauth is OK
12-09 17:02 paramiko.transport INFO     Authentication (password) successful!
12-09 17:02 paramiko.transport DEBUG    [chan 1] Max packet in: 34816 bytes
12-09 17:02 paramiko.transport DEBUG    [chan 1] Max packet out: 32768 bytes
12-09 17:02 paramiko.transport INFO     Secsh channel 1 opened.
12-09 17:02 paramiko.transport DEBUG    [chan 1] Sesch channel 1 request ok
12-09 17:02 paramiko.transport DEBUG    [chan 1] Sesch channel 1 request ok
12-09 17:02 MininetCE    INFO     opening SSH session to 10.211.55.12
12-09 17:02 paramiko.transport DEBUG    starting thread (client mode): 0x73c3e10L
12-09 17:02 paramiko.transport INFO     Connected (version 2.0, client OpenSSH_5.9p1)
12-09 17:02 paramiko.transport DEBUG    kex algos:['ecdh-sha2-nistp256', 'ecdh-sha2-nistp384', 'ecdh-sha2-nistp521', 'diffie-hellman-group-exchange-sha256', 'diffie-hellman-group-exchange-sha1', 'diffie-hellman-group14-sha1', 'diffie-hellman-group1-sha1'] server key:['ssh-rsa', 'ssh-dss', 'ecdsa-sha2-nistp256'] client encrypt:['aes128-ctr', 'aes192-ctr', 'aes256-ctr', 'arcfour256', 'arcfour128', 'aes128-cbc', '3des-cbc', 'blowfish-cbc', 'cast128-cbc', 'aes192-cbc', 'aes256-cbc', 'arcfour', 'rijndael-cbc@lysator.liu.se'] server encrypt:['aes128-ctr', 'aes192-ctr', 'aes256-ctr', 'arcfour256', 'arcfour128', 'aes128-cbc', '3des-cbc', 'blowfish-cbc', 'cast128-cbc', 'aes192-cbc', 'aes256-cbc', 'arcfour', 'rijndael-cbc@lysator.liu.se'] client mac:['hmac-md5', 'hmac-sha1', 'umac-64@openssh.com', 'hmac-sha2-256', 'hmac-sha2-256-96', 'hmac-sha2-512', 'hmac-sha2-512-96', 'hmac-ripemd160', 'hmac-ripemd160@openssh.com', 'hmac-sha1-96', 'hmac-md5-96'] server mac:['hmac-md5', 'hmac-sha1', 'umac-64@openssh.com', 'hmac-sha2-256', 'hmac-sha2-256-96', 'hmac-sha2-512', 'hmac-sha2-512-96', 'hmac-ripemd160', 'hmac-ripemd160@openssh.com', 'hmac-sha1-96', 'hmac-md5-96'] client compress:['none', 'zlib@openssh.com'] server compress:['none', 'zlib@openssh.com'] client lang:[''] server lang:[''] kex follows?False
12-09 17:02 paramiko.transport DEBUG    Ciphers agreed: local=aes128-ctr, remote=aes128-ctr
12-09 17:02 paramiko.transport DEBUG    using kex diffie-hellman-group1-sha1; server key type ssh-rsa; cipher: local aes128-ctr, remote aes128-ctr; mac: local hmac-sha1, remote hmac-sha1; compression: local none, remote none
12-09 17:02 paramiko.transport DEBUG    Switch to new keys ...
12-09 17:02 paramiko.transport DEBUG    Adding ssh-rsa host key for 10.211.55.13: d2ad8b4e16565229ec536394f7ed0836
12-09 17:02 paramiko.transport DEBUG    Trying discovered key 7efbafeda9163d0b6a3a8c2a347f2afc in /Users/vitalyantonenko/.ssh/id_rsa
12-09 17:02 paramiko.transport DEBUG    userauth is OK
12-09 17:02 paramiko.transport INFO     Authentication (publickey) failed.
12-09 17:02 paramiko.transport DEBUG    userauth is OK
12-09 17:02 paramiko.transport INFO     Authentication (password) successful!
12-09 17:02 paramiko.transport DEBUG    [chan 1] Max packet in: 34816 bytes
12-09 17:02 paramiko.transport DEBUG    [chan 1] Max packet out: 32768 bytes
12-09 17:02 paramiko.transport INFO     Secsh channel 1 opened.
12-09 17:02 paramiko.transport DEBUG    [chan 1] Sesch channel 1 request ok
12-09 17:02 paramiko.transport DEBUG    [chan 1] Sesch channel 1 request ok
12-09 17:02 MininetCE    INFO     opening SSH session to 10.211.55.13
